2022-05-27 22:02:24 [P:0x000006CD T:0xE2D347C0] [H] Description: Dell Inc.
Inspiron 5570

2022-05-27 22:02:24 [P:0x000006CD T:0xE2D347C0] [H] Hard disk CRC: 0x000000D5
2022-05-27 22:02:24 [P:0x000006CD T:0xE2D347C0] [S] Get CRC Index: 0 Return: 0x00000000
2022-05-27 22:02:24 [P:0x000006CD T:0xE2D347C0] [S] Get CRC Index: 1 Return: 0x00000000
2022-05-27 22:02:24 [P:0x000006CD T:0xE2D347C0] [M] CRC: 0x00000000
2022-05-27 22:02:24 [P:0x000006CD T:0xE2D347C0] [S] Get CRC Index: 2 Return: 0x00000000
2022-05-27 22:02:24 [P:0x000006CD T:0xE2D347C0] [S] Get CRC Return: 0x00000000
2022-05-27 22:02:24 [P:0x000006CD T:0xE2D347C0] [S] List all CRC:
2022-05-27 22:02:24 [P:0x000006CD T:0xE2D347C0] [S] CRC 0: 6DD5.
2022-05-27 22:02:24 [P:0x000006CD T:0xE2D347C0] [S] CRC 1: 3D86.
2022-05-27 22:02:24 [P:0x000006CD T:0xE2D347C0] [S] CRC 2: A0FA.
2022-05-27 22:02:24 [P:0x000006CD T:0xE2D347C0] [S] CRC 3: 444B.
2022-05-27 22:02:24 [P:0x000006CD T:0xE2D347C0] [S] CRC 4: 3287.
2022-05-27 22:02:24 [P:0x000006CD T:0xE2D347C0] [A] Init success.
2022-05-27 22:02:24 [P:0x000006CD T:0xE2D347C0] [H] Description: Dell Inc.
Inspiron 5570

2022-05-27 22:02:24 [P:0x000006CD T:0xE2D347C0] [H] Hard disk CRC: 0x000000D5
2022-05-27 22:02:24 [P:0x000006CD T:0xE2D347C0] [S] Get CRC Index: 0 Return: 0x00000000
2022-05-27 22:02:24 [P:0x000006CD T:0xE2D347C0] [S] Get CRC Index: 1 Return: 0x00000000
2022-05-27 22:02:24 [P:0x000006CD T:0xE2D347C0] [M] CRC: 0x00000000
2022-05-27 22:02:24 [P:0x000006CD T:0xE2D347C0] [S] Get CRC Index: 2 Return: 0x00000000
2022-05-27 22:02:24 [P:0x000006CD T:0xE2D347C0] [S] Get CRC Return: 0x00000000
2022-05-27 22:02:24 [P:0x000006CD T:0xE2D347C0] [S] List all CRC:
2022-05-27 22:02:24 [P:0x000006CD T:0xE2D347C0] [S] CRC 0: 6DD5.
2022-05-27 22:02:24 [P:0x000006CD T:0xE2D347C0] [S] CRC 1: 3D86.
2022-05-27 22:02:24 [P:0x000006CD T:0xE2D347C0] [S] CRC 2: A0FA.
2022-05-27 22:02:24 [P:0x000006CD T:0xE2D347C0] [S] CRC 3: 444B.
2022-05-27 22:02:24 [P:0x000006CD T:0xE2D347C0] [S] CRC 4: 3287.
2022-05-27 22:02:24 [P:0x000006CD T:0xE2D347C0] [H] Description: Dell Inc.
Inspiron 5570

2022-05-27 22:02:24 [P:0x000006CD T:0xE2D347C0] [H] Hard disk CRC: 0x000000D5
2022-05-27 22:02:24 [P:0x000006CD T:0xE2D347C0] [S] Get CRC Index: 0 Return: 0x00000000
2022-05-27 22:02:24 [P:0x000006CD T:0xE2D347C0] [S] Get CRC Index: 1 Return: 0x00000000
2022-05-27 22:02:24 [P:0x000006CD T:0xE2D347C0] [M] CRC: 0x00000000
2022-05-27 22:02:24 [P:0x000006CD T:0xE2D347C0] [S] Get CRC Index: 2 Return: 0x00000000
2022-05-27 22:02:24 [P:0x000006CD T:0xE2D347C0] [S] Get CRC Return: 0x00000000
2022-05-27 22:02:24 [P:0x000006CD T:0xE2D347C0] [S] List all CRC:
2022-05-27 22:02:24 [P:0x000006CD T:0xE2D347C0] [S] CRC 0: 6DD5.
2022-05-27 22:02:24 [P:0x000006CD T:0xE2D347C0] [S] CRC 1: 3D86.
2022-05-27 22:02:24 [P:0x000006CD T:0xE2D347C0] [S] CRC 2: A0FA.
2022-05-27 22:02:24 [P:0x000006CD T:0xE2D347C0] [S] CRC 3: 444B.
2022-05-27 22:02:24 [P:0x000006CD T:0xE2D347C0] [S] CRC 4: 3287.
2022-05-27 22:02:24 [P:0x000006CD T:0xE2D347C0] [A] GetHardCode success.
2022-07-09 18:04:49 [P:0x000035C1 T:0xD49247C0] [H] Description: Dell Inc.
Inspiron 5570

2022-07-09 18:04:49 [P:0x000035C1 T:0xD49247C0] [H] Hard disk CRC: 0x000000D5
2022-07-09 18:04:49 [P:0x000035C1 T:0xD49247C0] [S] Get CRC Index: 0 Return: 0x00000000
2022-07-09 18:04:49 [P:0x000035C1 T:0xD49247C0] [S] Get CRC Index: 1 Return: 0x00000000
2022-07-09 18:04:49 [P:0x000035C1 T:0xD49247C0] [M] CRC: 0x00000000
2022-07-09 18:04:49 [P:0x000035C1 T:0xD49247C0] [S] Get CRC Index: 2 Return: 0x00000000
2022-07-09 18:04:49 [P:0x000035C1 T:0xD49247C0] [S] Get CRC Return: 0x00000000
2022-07-09 18:04:49 [P:0x000035C1 T:0xD49247C0] [S] List all CRC:
2022-07-09 18:04:49 [P:0x000035C1 T:0xD49247C0] [S] CRC 0: 6DD5.
2022-07-09 18:04:49 [P:0x000035C1 T:0xD49247C0] [S] CRC 1: 75B1.
2022-07-09 18:04:49 [P:0x000035C1 T:0xD49247C0] [S] CRC 2: A0FA.
2022-07-09 18:04:49 [P:0x000035C1 T:0xD49247C0] [S] CRC 3: CA29.
2022-07-09 18:04:49 [P:0x000035C1 T:0xD49247C0] [S] CRC 4: C7E2.
2022-07-09 18:04:49 [P:0x000035C1 T:0xD49247C0] [A] Init success.
2022-07-09 18:04:49 [P:0x000035C1 T:0xD49247C0] [H] Description: Dell Inc.
Inspiron 5570

2022-07-09 18:04:49 [P:0x000035C1 T:0xD49247C0] [H] Hard disk CRC: 0x000000D5
2022-07-09 18:04:49 [P:0x000035C1 T:0xD49247C0] [S] Get CRC Index: 0 Return: 0x00000000
2022-07-09 18:04:49 [P:0x000035C1 T:0xD49247C0] [S] Get CRC Index: 1 Return: 0x00000000
2022-07-09 18:04:49 [P:0x000035C1 T:0xD49247C0] [M] CRC: 0x00000000
2022-07-09 18:04:49 [P:0x000035C1 T:0xD49247C0] [S] Get CRC Index: 2 Return: 0x00000000
2022-07-09 18:04:49 [P:0x000035C1 T:0xD49247C0] [S] Get CRC Return: 0x00000000
2022-07-09 18:04:49 [P:0x000035C1 T:0xD49247C0] [S] List all CRC:
2022-07-09 18:04:49 [P:0x000035C1 T:0xD49247C0] [S] CRC 0: 6DD5.
2022-07-09 18:04:49 [P:0x000035C1 T:0xD49247C0] [S] CRC 1: 75B1.
2022-07-09 18:04:49 [P:0x000035C1 T:0xD49247C0] [S] CRC 2: A0FA.
2022-07-09 18:04:49 [P:0x000035C1 T:0xD49247C0] [S] CRC 3: CA29.
2022-07-09 18:04:49 [P:0x000035C1 T:0xD49247C0] [S] CRC 4: C7E2.
2022-07-09 18:04:49 [P:0x000035C1 T:0xD49247C0] [H] Description: Dell Inc.
Inspiron 5570

2022-07-09 18:04:49 [P:0x000035C1 T:0xD49247C0] [H] Hard disk CRC: 0x000000D5
2022-07-09 18:04:49 [P:0x000035C1 T:0xD49247C0] [S] Get CRC Index: 0 Return: 0x00000000
2022-07-09 18:04:49 [P:0x000035C1 T:0xD49247C0] [S] Get CRC Index: 1 Return: 0x00000000
2022-07-09 18:04:49 [P:0x000035C1 T:0xD49247C0] [M] CRC: 0x00000000
2022-07-09 18:04:49 [P:0x000035C1 T:0xD49247C0] [S] Get CRC Index: 2 Return: 0x00000000
2022-07-09 18:04:49 [P:0x000035C1 T:0xD49247C0] [S] Get CRC Return: 0x00000000
2022-07-09 18:04:49 [P:0x000035C1 T:0xD49247C0] [S] List all CRC:
2022-07-09 18:04:49 [P:0x000035C1 T:0xD49247C0] [S] CRC 0: 6DD5.
2022-07-09 18:04:49 [P:0x000035C1 T:0xD49247C0] [S] CRC 1: 75B1.
2022-07-09 18:04:49 [P:0x000035C1 T:0xD49247C0] [S] CRC 2: A0FA.
2022-07-09 18:04:49 [P:0x000035C1 T:0xD49247C0] [S] CRC 3: CA29.
2022-07-09 18:04:49 [P:0x000035C1 T:0xD49247C0] [S] CRC 4: C7E2.
2022-07-09 18:04:49 [P:0x000035C1 T:0xD49247C0] [A] GetHardCode success.
