
2022-05-27 22:02:24 T:E2D347C0 OS Name:Linux 777 4.19.0-20-amd64 Version:#1 SMP Debian 4.19.235-1 (2022-03-17) Bits:64
2022-05-27 22:02:24 T:E2D347C0 BitLocker Anywhere Version:7.2.2.0
2022-05-27 22:02:24 T:E2D347C0 main.cpp GuiMain 416 Start...
2022-05-27 22:02:24 T:E2D347C0 ConfigFile.cpp 337 nRet=0x0002001501500000
2022-05-27 22:02:24 T:E2D347C0 FileIOLinux.cpp 91 nRet=0x00020070005A0000
2022-05-27 22:02:24 T:E2D347C0 EncryptConfigFile.cpp 117 nRet=0x00020070005A0000
2022-05-27 22:02:24 T:E2D347C0 EncryptConfigFile.cpp 356 nRet=0x00020070005A0000
2022-05-27 22:02:24 T:E2D347C0 ConfigFile.cpp 190 nRet=0x00020070005A0000
2022-05-27 22:02:24 T:E2D347C0 LicenseKeyRegEx.cpp 412 nRet=0x00020015019B0000
2022-05-27 22:02:24 T:E2D347C0 LicenseMgr.cpp 101 nRet=0x00020015019B0000
2022-05-27 22:02:24 T:E2D347C0 FileIOLinux.cpp 91 nRet=0x00020070005A0000
2022-05-27 22:02:24 T:E2D347C0 EncryptConfigFile.cpp 117 nRet=0x00020070005A0000
2022-05-27 22:02:24 T:E2D347C0 EncryptConfigFile.cpp 356 nRet=0x00020070005A0000
2022-05-27 22:02:24 T:E2D347C0 ConfigFile.cpp 190 nRet=0x00020070005A0000
2022-05-27 22:02:24 T:E2D347C0 LicenseKeyRegEx.cpp 412 nRet=0x00020015019B0000
2022-05-27 22:02:24 T:E2D347C0 LicenseMgr.cpp 101 nRet=0x00020015019B0000
2022-05-27 22:02:24 T:E2D347C0 TrialMgr.cpp 153 nRet=0x0000000000000000 Edition Type=9
2022-05-27 22:02:24 T:E2D347C0 FileIOLinux.cpp 91 nRet=0x00020070005A0000
2022-05-27 22:02:24 T:E2D347C0 EncryptConfigFile.cpp 117 nRet=0x00020070005A0000
2022-05-27 22:02:24 T:E2D347C0 EncryptConfigFile.cpp 356 nRet=0x00020070005A0000
2022-05-27 22:02:24 T:E2D347C0 ConfigFile.cpp 190 nRet=0x00020070005A0000
2022-05-27 22:02:24 T:E2D347C0 LicenseKeyRegEx.cpp 412 nRet=0x00020015019B0000
2022-05-27 22:02:24 T:E2D347C0 LicenseMgr.cpp 101 nRet=0x00020015019B0000
2022-05-27 22:02:24 T:E2D347C0 TrialMgr.cpp 220 nRet=0x0000000000000000 Edition Type=9
2022-05-27 22:02:24 T:E2D347C0 FileIOLinux.cpp 91 nRet=0x00020070005A0000
2022-05-27 22:02:24 T:E2D347C0 EncryptConfigFile.cpp 117 nRet=0x00020070005A0000
2022-05-27 22:02:24 T:E2D347C0 EncryptConfigFile.cpp 356 nRet=0x00020070005A0000
2022-05-27 22:02:24 T:E2D347C0 ConfigFile.cpp 190 nRet=0x00020070005A0000
2022-05-27 22:02:24 T:E2D347C0 LicenseKeyRegEx.cpp 412 nRet=0x00020015019B0000
2022-05-27 22:02:24 T:E2D347C0 LicenseMgr.cpp 101 nRet=0x00020015019B0000
2022-05-27 22:02:57 T:E2D347C0 EnumDrives.cpp 488 DiskNumber:0 DiskType:4 CHS:124519*255*63 SectorSize:512 Sectors:2000409264 Readonly:0 Removable:0 USB:0
2022-05-27 22:02:57 T:E2D347C0 EnumDrives.cpp 488 DiskNumber:0 DiskType:4 CHS:62260*255*63 SectorSize:512 Sectors:1000215216 Readonly:0 Removable:0 USB:0
2022-05-27 22:02:57 T:E2D347C0 EnumDrives.cpp 488 DiskNumber:0 DiskType:4 CHS:30401*255*63 SectorSize:512 Sectors:488397168 Readonly:0 Removable:0 USB:1
2022-05-27 22:02:57 T:E2D347C0 EnumDrives.cpp 488 DiskNumber:0 DiskType:4 CHS:121601*255*63 SectorSize:512 Sectors:1953525168 Readonly:0 Removable:0 USB:1
2022-05-27 22:02:57 T:E2D347C0 DriveInfoCollector.cpp 32 0 ==> /dev/sda2
2022-05-27 22:02:57 T:E2D347C0 DriveInfoCollector.cpp 32 1 ==> /dev/sdb1
2022-05-27 22:02:57 T:E2D347C0 DriveInfoCollector.cpp 32 2 ==> /dev/sdb2
2022-05-27 22:02:57 T:E2D347C0 DriveInfoCollector.cpp 32 3 ==> /dev/sdc1
2022-05-27 22:02:57 T:E2D347C0 DriveInfoCollector.cpp 32 4 ==> /dev/sdd2
2022-05-27 22:02:57 T:E2D347C0 FileIOLinux.cpp 91 nRet=0x00020070005A0000
2022-05-27 22:02:57 T:E2D347C0 EncryptConfigFile.cpp 117 nRet=0x00020070005A0000
2022-05-27 22:02:57 T:E2D347C0 EncryptConfigFile.cpp 356 nRet=0x00020070005A0000
2022-05-27 22:02:57 T:E2D347C0 ConfigFile.cpp 190 nRet=0x00020070005A0000
2022-05-27 22:02:57 T:E2D347C0 LicenseKeyRegEx.cpp 412 nRet=0x00020015019B0000
2022-05-27 22:02:57 T:E2D347C0 LicenseMgr.cpp 101 nRet=0x00020015019B0000
2022-05-27 22:02:57 T:E2D347C0 TrialMgr.cpp 107 failed ...
2022-05-27 22:02:57 T:E2D347C0 FileIOLinux.cpp 91 nRet=0x00020070005A0000
2022-05-27 22:02:57 T:E2D347C0 EncryptConfigFile.cpp 117 nRet=0x00020070005A0000
2022-05-27 22:02:57 T:E2D347C0 EncryptConfigFile.cpp 356 nRet=0x00020070005A0000
2022-05-27 22:02:57 T:E2D347C0 ConfigFile.cpp 190 nRet=0x00020070005A0000
2022-05-27 22:02:57 T:E2D347C0 LicenseKeyRegEx.cpp 412 nRet=0x00020015019B0000
2022-05-27 22:02:57 T:E2D347C0 LicenseMgr.cpp 101 nRet=0x00020015019B0000
2022-05-27 22:02:57 T:E2D347C0 FileIOLinux.cpp 91 nRet=0x00020070005A0000
2022-05-27 22:02:57 T:E2D347C0 EncryptConfigFile.cpp 117 nRet=0x00020070005A0000
2022-05-27 22:02:57 T:E2D347C0 EncryptConfigFile.cpp 356 nRet=0x00020070005A0000
2022-05-27 22:02:57 T:E2D347C0 ConfigFile.cpp 190 nRet=0x00020070005A0000
2022-05-27 22:02:57 T:E2D347C0 LicenseKeyRegEx.cpp 412 nRet=0x00020015019B0000
2022-05-27 22:02:57 T:E2D347C0 LicenseMgr.cpp 101 nRet=0x00020015019B0000
2022-05-27 22:02:57 T:DB7FE700 FileIOLinux.cpp 91 nRet=0x00020070005A0000
2022-05-27 22:02:57 T:DB7FE700 EncryptConfigFile.cpp 117 nRet=0x00020070005A0000
2022-05-27 22:02:57 T:DB7FE700 EncryptConfigFile.cpp 356 nRet=0x00020070005A0000
2022-05-27 22:02:57 T:DB7FE700 ConfigFile.cpp 190 nRet=0x00020070005A0000
2022-05-27 22:02:57 T:DB7FE700 DownloadFile.cpp 151 nRet=0x000B00D200960000
2022-05-27 22:02:57 T:DB7FE700 NetUpdate.cpp 86 nRet=0x000B00D200960000
2022-05-27 22:02:57 T:DB7FE700 NetUpdate.cpp 144 nRet=0x000B0016008F0000
2022-05-27 22:02:57 T:DB7FE700 FilePublic.cpp 2067 nRet=0x000B001508120000
2022-05-27 22:02:57 T:DB7FE700 CheckUpdate.cpp 106 nRet=0x000B0016008F0000
2022-05-27 22:03:02 T:E2D347C0 ExportBEKFile.cpp 161 nRet=0x0000000000000000
2022-05-27 22:03:02 T:E2D347C0 UIPublic.cpp 58 nRet=0x000B011200390000
2022-05-27 22:03:02 T:E2D347C0 ChooseDrivePage.cpp 286 nRet=0x000B011200390000
2022-05-27 22:03:02 T:E2D347C0 FileIOLinux.cpp 91 nRet=0x00020070005A0000
2022-05-27 22:03:02 T:E2D347C0 EncryptConfigFile.cpp 117 nRet=0x00020070005A0000
2022-05-27 22:03:02 T:E2D347C0 EncryptConfigFile.cpp 356 nRet=0x00020070005A0000
2022-05-27 22:03:02 T:E2D347C0 ConfigFile.cpp 190 nRet=0x00020070005A0000
2022-05-27 22:03:02 T:E2D347C0 LicenseKeyRegEx.cpp 412 nRet=0x00020015019B0000
2022-05-27 22:03:02 T:E2D347C0 LicenseMgr.cpp 101 nRet=0x00020015019B0000

2022-07-09 18:04:49 T:D49247C0 OS Name:Linux 777 4.19.0-20-amd64 Version:#1 SMP Debian 4.19.235-1 (2022-03-17) Bits:64
2022-07-09 18:04:49 T:D49247C0 BitLocker Anywhere Version:7.2.2.0
2022-07-09 18:04:49 T:D49247C0 main.cpp GuiMain 416 Start...
2022-07-09 18:04:49 T:D49247C0 FileIOLinux.cpp 91 nRet=0x00020070005A0000
2022-07-09 18:04:49 T:D49247C0 EncryptConfigFile.cpp 117 nRet=0x00020070005A0000
2022-07-09 18:04:49 T:D49247C0 EncryptConfigFile.cpp 356 nRet=0x00020070005A0000
2022-07-09 18:04:49 T:D49247C0 ConfigFile.cpp 190 nRet=0x00020070005A0000
2022-07-09 18:04:49 T:D49247C0 LicenseKeyRegEx.cpp 412 nRet=0x00020015019B0000
2022-07-09 18:04:49 T:D49247C0 LicenseMgr.cpp 101 nRet=0x00020015019B0000
2022-07-09 18:04:49 T:D49247C0 FileIOLinux.cpp 91 nRet=0x00020070005A0000
2022-07-09 18:04:49 T:D49247C0 EncryptConfigFile.cpp 117 nRet=0x00020070005A0000
2022-07-09 18:04:49 T:D49247C0 EncryptConfigFile.cpp 356 nRet=0x00020070005A0000
2022-07-09 18:04:49 T:D49247C0 ConfigFile.cpp 190 nRet=0x00020070005A0000
2022-07-09 18:04:49 T:D49247C0 LicenseKeyRegEx.cpp 412 nRet=0x00020015019B0000
2022-07-09 18:04:49 T:D49247C0 LicenseMgr.cpp 101 nRet=0x00020015019B0000
2022-07-09 18:04:49 T:D49247C0 TrialMgr.cpp 220 nRet=0x0000000000000000 Edition Type=9
2022-07-09 18:04:49 T:D49247C0 FileIOLinux.cpp 91 nRet=0x00020070005A0000
2022-07-09 18:04:49 T:D49247C0 EncryptConfigFile.cpp 117 nRet=0x00020070005A0000
2022-07-09 18:04:49 T:D49247C0 EncryptConfigFile.cpp 356 nRet=0x00020070005A0000
2022-07-09 18:04:49 T:D49247C0 ConfigFile.cpp 190 nRet=0x00020070005A0000
2022-07-09 18:04:49 T:D49247C0 LicenseKeyRegEx.cpp 412 nRet=0x00020015019B0000
2022-07-09 18:04:49 T:D49247C0 LicenseMgr.cpp 101 nRet=0x00020015019B0000
2022-07-09 18:04:50 T:D49247C0 EnumDrives.cpp 488 DiskNumber:0 DiskType:4 CHS:124519*255*63 SectorSize:512 Sectors:2000409264 Readonly:0 Removable:0 USB:0
2022-07-09 18:04:50 T:D49247C0 EnumDrives.cpp 488 DiskNumber:0 DiskType:4 CHS:62260*255*63 SectorSize:512 Sectors:1000215216 Readonly:0 Removable:0 USB:0
2022-07-09 18:04:50 T:D49247C0 DriveInfoCollector.cpp 32 0 ==> /dev/sda2
2022-07-09 18:04:50 T:D49247C0 DriveInfoCollector.cpp 32 1 ==> /dev/sdb1
2022-07-09 18:04:50 T:D49247C0 DriveInfoCollector.cpp 32 2 ==> /dev/sdb2
2022-07-09 18:04:50 T:D49247C0 FileIOLinux.cpp 91 nRet=0x00020070005A0000
2022-07-09 18:04:50 T:D49247C0 EncryptConfigFile.cpp 117 nRet=0x00020070005A0000
2022-07-09 18:04:50 T:D49247C0 EncryptConfigFile.cpp 356 nRet=0x00020070005A0000
2022-07-09 18:04:50 T:D49247C0 ConfigFile.cpp 190 nRet=0x00020070005A0000
2022-07-09 18:04:50 T:D49247C0 LicenseKeyRegEx.cpp 412 nRet=0x00020015019B0000
2022-07-09 18:04:50 T:D49247C0 LicenseMgr.cpp 101 nRet=0x00020015019B0000
2022-07-09 18:04:50 T:D49247C0 TrialMgr.cpp 107 failed ...
2022-07-09 18:04:50 T:D49247C0 FileIOLinux.cpp 91 nRet=0x00020070005A0000
2022-07-09 18:04:50 T:D49247C0 EncryptConfigFile.cpp 117 nRet=0x00020070005A0000
2022-07-09 18:04:50 T:D49247C0 EncryptConfigFile.cpp 356 nRet=0x00020070005A0000
2022-07-09 18:04:50 T:D49247C0 ConfigFile.cpp 190 nRet=0x00020070005A0000
2022-07-09 18:04:50 T:D49247C0 LicenseKeyRegEx.cpp 412 nRet=0x00020015019B0000
2022-07-09 18:04:50 T:D49247C0 LicenseMgr.cpp 101 nRet=0x00020015019B0000
2022-07-09 18:04:50 T:D49247C0 FileIOLinux.cpp 91 nRet=0x00020070005A0000
2022-07-09 18:04:50 T:D49247C0 EncryptConfigFile.cpp 117 nRet=0x00020070005A0000
2022-07-09 18:04:50 T:D49247C0 EncryptConfigFile.cpp 356 nRet=0x00020070005A0000
2022-07-09 18:04:50 T:D49247C0 ConfigFile.cpp 190 nRet=0x00020070005A0000
2022-07-09 18:04:50 T:D49247C0 LicenseKeyRegEx.cpp 412 nRet=0x00020015019B0000
2022-07-09 18:04:50 T:D49247C0 LicenseMgr.cpp 101 nRet=0x00020015019B0000
2022-07-09 18:04:50 T:D1873700 FileIOLinux.cpp 91 nRet=0x00020070005A0000
2022-07-09 18:04:50 T:D1873700 EncryptConfigFile.cpp 117 nRet=0x00020070005A0000
2022-07-09 18:04:50 T:D1873700 EncryptConfigFile.cpp 356 nRet=0x00020070005A0000
2022-07-09 18:04:50 T:D1873700 ConfigFile.cpp 190 nRet=0x00020070005A0000
2022-07-09 18:04:54 T:D1873700 FilePublic.cpp 2067 nRet=0x0073001508120000
2022-07-09 18:04:54 T:D1873700 CheckUpdate.cpp 114 No New Version Found ............
